<?xml version="1.0" encoding="UTF-8"?>
<testng-results skipped="0" failed="0" ignored="0" total="1" passed="1">
  <reporter-output>
  </reporter-output>
  <suite name="Default suite" duration-ms="3335" started-at="2020-03-31T21:55:56Z" finished-at="2020-03-31T21:55:59Z">
    <groups>
    </groups>
    <test name="Default test" duration-ms="3335" started-at="2020-03-31T21:55:56Z" finished-at="2020-03-31T21:55:59Z">
      <class name="getRequest.GetData">
        <test-method status="PASS" signature="testResponseCode()[pri:0, instance:getRequest.GetData@2a2d45ba]" name="testResponseCode" duration-ms="3298" started-at="2020-03-31T21:55:56Z" finished-at="2020-03-31T21:55:59Z">
          <reporter-output>
          </reporter-output>
        </test-method> <!-- testResponseCode -->
      </class> <!-- getRequest.GetData -->
    </test> <!-- Default test -->
  </suite> <!-- Default suite -->
</testng-results>
